secret=acpid guesses=3 path=paste idmap acpid
secret=alias guesses=3 path=paste fsadm alias
secret=amidi guesses=3 path=paste rmail amidi
secret=aplay guesses=3 path=paste idmap aplay
secret=atobm guesses=3 path=paste lzcat atobm
secret=auchk guesses=3 path=paste rmail auchk
secret=audit guesses=3 path=paste lzcat audit
secret=auths guesses=3 path=paste ctags auths
secret=axfer guesses=2 path=paste axfer
secret=batch guesses=2 path=paste batch
secret=bccmd guesses=3 path=paste minfo bccmd
secret=bdiff guesses=3 path=paste minfo bdiff
secret=beadm guesses=3 path=paste axfer beadm
secret=blkid guesses=3 path=paste minfo blkid
secret=bmtoa guesses=4 path=paste lzcat atobm bmtoa
secret=brctl guesses=2 path=paste brctl
secret=btmon guesses=3 path=paste nmtui btmon
secret=btrfs guesses=3 path=paste gsort btrfs
secret=bwrap guesses=3 path=paste idmap bwrap
secret=byobu guesses=3 path=paste minfo byobu
secret=bzcat guesses=3 path=paste lzcat bzcat
secret=bzcmp guesses=3 path=paste gzcmp bzcmp
secret=bzexe guesses=3 path=paste xmore bzexe
secret=capsh guesses=2 path=paste capsh
secret=chacl guesses=3 path=paste rmail chacl
secret=chage guesses=3 path=paste gmake chage
secret=chcon guesses=4 path=paste minfo chown chcon
secret=chcpu guesses=3 path=paste gzcmp chcpu
secret=chgrp guesses=3 path=paste gzcmp chgrp
secret=chmem guesses=3 path=paste gchem chmem
secret=chmod guesses=3 path=paste minfo chmod
secret=choom guesses=4 path=paste minfo chmod choom
secret=chown guesses=3 path=paste minfo chown
secret=cjpeg guesses=3 path=paste fgrep cjpeg
secret=ckgid guesses=4 path=paste minfo blkid ckgid
secret=ckint guesses=3 path=paste nmtui ckint
secret=ckstr guesses=2 path=paste ckstr
secret=cksum guesses=3 path=paste dbsql cksum
secret=ckuid guesses=5 path=paste minfo blkid ckgid ckuid
secret=clear guesses=3 path=paste axfer clear
secret=colrm guesses=4 path=paste minfo chmod colrm
secret=cryfs guesses=3 path=paste fdisk cryfs
secret=ctags guesses=2 path=paste ctags
secret=ctail guesses=3 path=paste lzcat ctail
secret=ctrun guesses=3 path=paste nmtui ctrun
secret=cupsd guesses=3 path=paste lsipc cupsd
secret=cwebp guesses=3 path=paste fgrep cwebp
secret=dbsql guesses=2 path=paste dbsql
secret=dconf guesses=3 path=paste minfo dconf
secret=dcopy guesses=3 path=paste gzcmp dcopy
secret=devnm guesses=3 path=paste gchem devnm
secret=disks guesses=3 path=paste dbsql disks
secret=djpeg guesses=4 path=paste fgrep cjpeg djpeg
secret=dladm guesses=3 path=paste rmail dladm
secret=dmesg guesses=3 path=paste remsh dmesg
secret=dwebp guesses=4 path=paste fgrep cwebp dwebp
secret=egrep guesses=4 path=paste fgrep zgrep egrep
secret=eject guesses=3 path=paste timex eject
secret=elisa guesses=2 path=paste elisa
secret=emacs guesses=3 path=paste elisa emacs
secret=encfs guesses=3 path=paste remsh encfs
secret=error guesses=3 path=paste gchem error
secret=fcadm guesses=3 path=paste rmail fcadm
secret=fdisk guesses=2 path=paste fdisk
secret=fgrep guesses=2 path=paste fgrep
secret=filan guesses=3 path=paste rmail filan
secret=fixnt guesses=4 path=paste nmtui ckint fixnt
secret=fixps guesses=3 path=paste lsipc fixps
secret=flock guesses=3 path=paste minfo flock
secret=fmadm guesses=3 path=paste rmail fmadm
secret=fruid guesses=3 path=paste minfo fruid
secret=fsadm guesses=2 path=paste fsadm
secret=fstyp guesses=3 path=paste split fstyp
secret=fuser guesses=2 path=paste fuser
secret=gchem guesses=2 path=paste gchem
secret=gcomm guesses=4 path=paste minfo chmod gcomm
secret=gcore guesses=3 path=paste xmore gcore
secret=gdate guesses=2 path=paste gdate
secret=gdbus guesses=3 path=paste fdisk gdbus
secret=gdiff guesses=4 path=paste minfo bdiff gdiff
secret=gdisk guesses=3 path=paste fdisk gdisk
secret=gecho guesses=3 path=paste gchem gecho
secret=getty guesses=3 path=paste inetd getty
secret=gexpr guesses=3 path=paste fgrep gexpr
secret=gfind guesses=3 path=paste minfo gfind
secret=gfold guesses=4 path=paste minfo flock gfold
secret=ggrep guesses=5 path=paste fgrep zgrep egrep ggrep
secret=ghead guesses=4 path=paste axfer beadm ghead
secret=gjoin guesses=3 path=paste minfo gjoin
secret=gkill guesses=4 path=paste minfo blkid gkill
secret=glink guesses=3 path=paste minfo glink
secret=gmake guesses=2 path=paste gmake
secret=gneqn guesses=3 path=paste gchem gneqn
secret=gnice guesses=3 path=paste xmore gnice
secret=gperl guesses=4 path=paste fgrep gexpr gperl
secret=gpgsm guesses=4 path=paste lsipc sprof gpgsm
secret=gprof guesses=3 path=paste gzcmp gprof
secret=groff guesses=3 path=paste minfo groff
secret=grops guesses=3 path=paste lsipc grops
secret=grpck guesses=3 path=paste gzcmp grpck
secret=gsort guesses=2 path=paste gsort
secret=gstty guesses=3 path=paste units gstty
secret=gsync guesses=3 path=paste fdisk gsync
secret=gtabs guesses=3 path=paste ctags gtabs
secret=gtail guesses=3 path=paste lzcat gtail
secret=gtest guesses=2 path=paste gtest
secret=gtput guesses=3 path=paste iftop gtput
secret=gtrue guesses=2 path=paste gtrue
secret=gtset guesses=2 path=paste gtset
secret=guniq guesses=3 path=paste minfo guniq
secret=gzcat guesses=4 path=paste lzcat bzcat gzcat
secret=gzcmp guesses=2 path=paste gzcmp
secret=gzexe guesses=4 path=paste xmore bzexe gzexe
secret=gznew guesses=3 path=paste gchem gznew
secret=htdbm guesses=3 path=paste nmtui htdbm
secret=ibadm guesses=3 path=paste rmail ibadm
secret=iconv guesses=4 path=paste minfo gjoin iconv
secret=idmap guesses=2 path=paste idmap
secret=iftop guesses=2 path=paste iftop
secret=inetd guesses=2 path=paste inetd
secret=iotop guesses=3 path=paste iftop iotop
secret=ipadm guesses=3 path=paste idmap ipadm
secret=ipcmk guesses=3 path=paste gzcmp ipcmk
secret=ipcrm guesses=3 path=paste gzcmp ipcrm
secret=iwspy guesses=2 path=paste iwspy
secret=javac guesses=3 path=paste mailq javac
secret=javah guesses=4 path=paste mailq javac javah
secret=javap guesses=2 path=paste javap
secret=jdeps guesses=3 path=paste sleep jdeps
secret=jexec guesses=4 path=paste gchem xzdec jexec
secret=jinfo guesses=3 path=paste minfo jinfo
secret=jstat guesses=3 path=paste ctags jstat
secret=kcalc guesses=3 path=paste rmail kcalc
secret=kinit guesses=4 path=paste nmtui ckint kinit
secret=klist guesses=3 path=paste gsort klist
secret=kprop guesses=3 path=paste gzcmp kprop
secret=kstat guesses=4 path=paste ctags jstat kstat
secret=lastb guesses=2 path=paste lastb
secret=lkbib guesses=4 path=paste minfo blkid lkbib
secret=login guesses=4 path=paste minfo gjoin login
secret=loweb guesses=4 path=paste gchem rview loweb
secret=lsblk guesses=3 path=paste fdisk lsblk
secret=lscpu guesses=3 path=paste lsipc lscpu
secret=lshal guesses=3 path=paste fsadm lshal
secret=lsipc guesses=2 path=paste lsipc
secret=lsmem guesses=3 path=paste remsh lsmem
secret=lsmod guesses=3 path=paste fdisk lsmod
secret=lspci guesses=3 path=paste lsipc lspci
secret=lsusb guesses=4 path=paste fdisk wrmsr lsusb
secret=lzcat guesses=2 path=paste lzcat
secret=lzcmp guesses=4 path=paste gzcmp bzcmp lzcmp
secret=mailq guesses=2 path=paste mailq
secret=mailx guesses=3 path=paste mailq mailx
secret=mandb guesses=3 path=paste mailq mandb
secret=mckey guesses=3 path=paste gchem mckey
secret=mcomp guesses=3 path=paste gzcmp mcomp
secret=mcopy guesses=3 path=paste gzcmp mcopy
secret=minfo guesses=2 path=paste minfo
secret=mkdir guesses=3 path=paste minfo mkdir
secret=mknod guesses=3 path=paste minfo mknod
secret=mmcli guesses=4 path=paste minfo mkdir mmcli
secret=mmove guesses=3 path=paste xmore mmove
secret=mount guesses=3 path=paste nmtui mount
secret=msgid guesses=3 path=paste fdisk msgid
secret=mtype guesses=2 path=paste mtype
secret=mvdir guesses=4 path=paste minfo mkdir mvdir
secret=mxtar guesses=3 path=paste lzcat mxtar
secret=mysql guesses=3 path=paste dbsql mysql
secret=named guesses=2 path=paste named
secret=namei guesses=3 path=paste named namei
secret=ncftp guesses=2 path=paste ncftp
secret=newfs guesses=3 path=paste remsh newfs
secret=nginx guesses=4 path=paste minfo glink nginx
secret=nmcli guesses=3 path=paste minfo nmcli
secret=nmtui guesses=2 path=paste nmtui
secret=nohup guesses=4 path=paste gzcmp kprop nohup
secret=nping guesses=4 path=paste gzcmp rping nping
secret=nproc guesses=4 path=paste gzcmp dcopy nproc
secret=nroff guesses=3 path=paste minfo nroff
secret=nscfg guesses=4 path=paste fdisk cryfs nscfg
secret=nstat guesses=5 path=paste ctags jstat kstat nstat
secret=oscap guesses=2 path=paste oscap
secret=pacat guesses=3 path=paste patch pacat
secret=pacmd guesses=2 path=paste pacmd
secret=pactl guesses=2 path=paste pactl
secret=padsp guesses=3 path=paste pargs padsp
secret=pager guesses=2 path=paste pager
secret=pamon guesses=3 path=paste pacmd pamon
secret=parec guesses=3 path=paste pager parec
secret=pargs guesses=2 path=paste pargs
secret=partx guesses=3 path=paste pactl partx
secret=paste guesses=1 path=paste
secret=patch guesses=2 path=paste patch
secret=pbget guesses=2 path=paste pbget
secret=pbind guesses=3 path=paste pidof pbind
secret=pbput guesses=3 path=paste print pbput
secret=pcred guesses=2 path=paste pcred
secret=pdiff guesses=3 path=paste pidof pdiff
secret=pfcsh guesses=2 path=paste pfcsh
secret=pfctl guesses=2 path=paste pfctl
secret=pfksh guesses=3 path=paste pfcsh pfksh
secret=pfzsh guesses=4 path=paste pfcsh pfksh pfzsh
secret=pgrep guesses=3 path=paste pcred pgrep
secret=pgsql guesses=2 path=paste pgsql
secret=phang guesses=2 path=paste phang
secret=pidof guesses=2 path=paste pidof
secret=pinky guesses=3 path=paste pidof pinky
secret=pkcon guesses=3 path=paste pidof pkcon
secret=pkgmk guesses=4 path=paste pidof pkgrm pkgmk
secret=pkgrm guesses=3 path=paste pidof pkgrm
secret=pkill guesses=3 path=paste pidof pkill
secret=pkmon guesses=4 path=paste pidof pkcon pkmon
secret=pldes guesses=2 path=paste pldes
secret=plget guesses=3 path=paste pbget plget
secret=plgrp guesses=4 path=paste pidof pkgrm plgrp
secret=plser guesses=2 path=paste plser
secret=ports guesses=2 path=paste ports
secret=ppdpo guesses=3 path=paste pidof ppdpo
secret=ppgsz guesses=3 path=paste pfcsh ppgsz
secret=ppriv guesses=4 path=paste pidof pkill ppriv
secret=prctl guesses=3 path=paste pfctl prctl
secret=preap guesses=2 path=paste preap
secret=print guesses=2 path=paste print
secret=prove guesses=2 path=paste prove
secret=proxy guesses=3 path=paste pidof proxy
secret=psicc guesses=3 path=paste pfcsh psicc
secret=pslog guesses=3 path=paste pfcsh pslog
secret=psnup guesses=4 path=paste pfcsh pslog psnup
secret=psset guesses=2 path=paste psset
secret=pstop guesses=2 path=paste pstop
secret=ptime guesses=2 path=paste ptime
secret=ptree guesses=3 path=paste ptime ptree
secret=pwait guesses=2 path=paste pwait
secret=pwgen guesses=3 path=paste pcred pwgen
secret=pydoc guesses=3 path=paste pidof pydoc
secret=qdbus guesses=4 path=paste fdisk gdbus qdbus
secret=qgltf guesses=3 path=paste brctl qgltf
secret=qlalr guesses=3 path=paste rmail qlalr
secret=qmake guesses=3 path=paste gmake qmake
secret=qmljs guesses=4 path=paste fdisk gsync qmljs
secret=qperf guesses=3 path=paste fgrep qperf
secret=quota guesses=2 path=paste quota
secret=rbash guesses=3 path=paste fsadm rbash
secret=rdate guesses=3 path=paste gdate rdate
secret=rdmsr guesses=3 path=paste fdisk rdmsr
secret=refer guesses=4 path=paste gchem rview refer
secret=remsh guesses=2 path=paste remsh
secret=reset guesses=3 path=paste gtset reset
secret=rgrep guesses=6 path=paste fgrep zgrep egrep ggrep rgrep
secret=rmail guesses=2 path=paste rmail
secret=rmdir guesses=3 path=paste minfo rmdir
secret=rmmod guesses=4 path=paste minfo chmod rmmod
secret=rnano guesses=3 path=paste rmail rnano
secret=roles guesses=3 path=paste remsh roles
secret=route guesses=2 path=paste route
secret=rping guesses=3 path=paste gzcmp rping
secret=rsync guesses=4 path=paste fdisk gsync rsync
secret=rtmon guesses=4 path=paste nmtui btmon rtmon
secret=runat guesses=3 path=paste lzcat runat
secret=rview guesses=3 path=paste gchem rview
secret=rwall guesses=3 path=paste rmail rwall
secret=rygel guesses=3 path=paste gchem rygel
secret=saned guesses=2 path=paste saned
secret=sdiff guesses=3 path=paste fdisk sdiff
secret=share guesses=2 path=paste share
secret=shred guesses=3 path=paste remsh shred
secret=skill guesses=3 path=paste fdisk skill
secret=sleep guesses=2 path=paste sleep
secret=snacc guesses=4 path=paste fsadm rbash snacc
secret=snice guesses=2 path=paste snice
secret=snmpd guesses=4 path=paste lsipc grops snmpd
secret=snoop guesses=4 path=paste lsipc sprof snoop
secret=socat guesses=3 path=paste ctags socat
secret=spell guesses=3 path=paste sleep spell
secret=split guesses=2 path=paste split
secret=spray guesses=3 path=paste oscap spray
secret=sprof guesses=3 path=paste lsipc sprof
secret=sshfs guesses=4 path=paste fdisk cryfs sshfs
secret=strip guesses=3 path=paste split strip
secret=sxadm guesses=3 path=paste fsadm sxadm
secret=tapes guesses=2 path=paste tapes
secret=tclsh guesses=3 path=paste gsort tclsh
secret=tcopy guesses=3 path=paste iftop tcopy
secret=timex guesses=2 path=paste timex
secret=tkmib guesses=3 path=paste nmtui tkmib
secret=tload guesses=3 path=paste lzcat tload
secret=touch guesses=3 path=paste nmtui touch
secret=troff guesses=3 path=paste nmtui troff
secret=truss guesses=4 path=paste gsort btrfs truss
secret=trust guesses=3 path=paste gsort trust
secret=tsort guesses=3 path=paste gsort tsort
secret=uflow guesses=4 path=paste minfo flock uflow
secret=umask guesses=3 path=paste fsadm umask
secret=uname guesses=3 path=paste gmake uname
secret=units guesses=2 path=paste units
secret=unrar guesses=3 path=paste rmail unrar
secret=unzip guesses=3 path=paste gzcmp unzip
secret=usbip guesses=3 path=paste lsipc usbip
secret=users guesses=3 path=paste remsh users
secret=ustat guesses=6 path=paste ctags jstat kstat nstat ustat
secret=uuidd guesses=4 path=paste minfo blkid uuidd
secret=vigpg guesses=4 path=paste gzcmp rping vigpg
secret=virsh guesses=3 path=paste fdisk virsh
secret=vwebp guesses=5 path=paste fgrep cwebp dwebp vwebp
secret=watch guesses=3 path=paste batch watch
secret=wdctl guesses=3 path=paste brctl wdctl
secret=which guesses=4 path=paste minfo blkid which
secret=whodo guesses=3 path=paste minfo whodo
secret=whois guesses=3 path=paste fdisk whois
secret=write guesses=3 path=paste route write
secret=wrmsr guesses=3 path=paste fdisk wrmsr
secret=wsgen guesses=4 path=paste remsh encfs wsgen
secret=xargs guesses=2 path=paste xargs
secret=xauth guesses=2 path=paste xauth
secret=xbiff guesses=4 path=paste minfo bdiff xbiff
secret=xcalc guesses=4 path=paste rmail kcalc xcalc
secret=xedit guesses=3 path=paste timex xedit
secret=xeyes guesses=4 path=paste remsh newfs xeyes
secret=xhost guesses=3 path=paste gsort xhost
secret=xinit guesses=4 path=paste nmtui ckint xinit
secret=xkill guesses=5 path=paste minfo blkid gkill xkill
secret=xload guesses=3 path=paste rmail xload
secret=xlogo guesses=4 path=paste minfo whodo xlogo
secret=xmlwf guesses=3 path=paste minfo xmlwf
secret=xmore guesses=2 path=paste xmore
secret=xprop guesses=4 path=paste gzcmp kprop xprop
secret=xzcat guesses=5 path=paste lzcat bzcat gzcat xzcat
secret=xzcmp guesses=5 path=paste gzcmp bzcmp lzcmp xzcmp
secret=xzdec guesses=3 path=paste gchem xzdec
secret=ypcat guesses=2 path=paste ypcat
secret=ypset guesses=2 path=paste ypset
secret=zdiff guesses=5 path=paste minfo bdiff gdiff zdiff
secret=zdump guesses=3 path=paste gzcmp zdump
secret=zgrep guesses=3 path=paste fgrep zgrep
secret=zhack guesses=3 path=paste rmail zhack
secret=zless guesses=3 path=paste remsh zless
secret=zmore guesses=3 path=paste xmore zmore
secret=zpool guesses=3 path=paste gzcmp zpool

Summary
Strategy: most-likely
Games: 338
Best: 1 guesses
Worst: 6 guesses
Average: 3.03 guesses
Total time: 0.34 seconds
Time per game: 0.99 ms
Histogram (guesses -> games):
  1 -> 1
  2 -> 74
  3 -> 190
  4 -> 63
  5 -> 8
  6 -> 2
